{
  "RSpec": {
    "coverage": {
      "/Users/rosanne/Development/code/gather/gather_art_registry/app/models/user.rb": [
        1,
        1,
        null,
        null,
        null,
        1,
        null,
        null,
        1,
        null,
        1,
        0,
        null,
        null,
        null
      ],
      "/Users/rosanne/Development/code/gather/gather_art_registry/app/helpers/application_helper.rb": [
        1,
        null
      ],
      "/Users/rosanne/Development/code/gather/gather_art_registry/app/helpers/artists_helper.rb": [
        1,
        null
      ],
      "/Users/rosanne/Development/code/gather/gather_art_registry/app/helpers/contents_helper.rb": [
        1,
        null
      ],
      "/Users/rosanne/Development/code/gather/gather_art_registry/app/helpers/galleries_helper.rb": [
        1,
        null
      ],
      "/Users/rosanne/Development/code/gather/gather_art_registry/app/helpers/items_helper.rb": [
        1,
        1,
        0,
        0,
        null,
        0,
        null,
        null,
        null
      ],
      "/Users/rosanne/Development/code/gather/gather_art_registry/app/helpers/media_helper.rb": [
        1,
        null
      ],
      "/Users/rosanne/Development/code/gather/gather_art_registry/app/helpers/pages_helper.rb": [
        1,
        null,
        1,
        null,
        null,
        1,
        null,
        null,
        1,
        null,
        null,
        null,
        1,
        null,
        null,
        null
      ],
      "/Users/rosanne/Development/code/gather/gather_art_registry/app/helpers/registries_helper.rb": [
        1,
        1,
        0,
        0,
        null,
        0,
        null,
        null,
        null
      ],
      "/Users/rosanne/Development/code/gather/gather_art_registry/app/helpers/users_helper.rb": [
        1,
        null
      ],
      "/Users/rosanne/Development/code/gather/gather_art_registry/app/controllers/artists_controller.rb": [
        1,
        1,
        null,
        1,
        null,
        1,
        2,
        2,
        null,
        null,
        1,
        1,
        1,
        null,
        null,
        1,
        1,
        1,
        null,
        null,
        1,
        null,
        null,
        1,
        5,
        5,
        5,
        null,
        null,
        1,
        5,
        5,
        null,
        null,
        1,
        2,
        2,
        null,
        null,
        1,
        1,
        9,
        null,
        null,
        1,
        10,
        null,
        null,
        null,
        null
      ],
      "/Users/rosanne/Development/code/gather/gather_art_registry/app/controllers/application_controller.rb": [
        1,
        null,
        null,
        1,
        1,
        null,
        1,
        null,
        1,
        0,
        0,
        null,
        null
      ],
      "/Users/rosanne/Development/code/gather/gather_art_registry/app/controllers/contents_controller.rb": [
        1,
        1,
        null,
        1,
        null,
        1,
        2,
        2,
        null,
        null,
        1,
        1,
        null,
        null,
        1,
        1,
        1,
        null,
        null,
        1,
        null,
        null,
        1,
        5,
        5,
        5,
        null,
        null,
        1,
        5,
        5,
        null,
        null,
        1,
        2,
        2,
        null,
        null,
        1,
        1,
        9,
        null,
        null,
        1,
        10,
        null,
        null
      ],
      "/Users/rosanne/Development/code/gather/gather_art_registry/app/controllers/galleries_controller.rb": [
        1,
        1,
        null,
        1,
        null,
        1,
        2,
        2,
        2,
        null,
        null,
        1,
        0,
        null,
        null,
        1,
        1,
        1,
        0,
        null,
        null,
        1,
        1,
        1,
        null,
        null,
        1,
        null,
        null,
        1,
        5,
        5,
        5,
        null,
        null,
        1,
        5,
        5,
        null,
        null,
        1,
        2,
        2,
        null,
        null,
        1,
        1,
        9,
        null,
        null,
        1,
        10,
        null,
        null
      ],
      "/Users/rosanne/Development/code/gather/gather_art_registry/app/controllers/items_controller.rb": [
        1,
        1,
        null,
        1,
        null,
        1,
        2,
        2,
        null,
        null,
        1,
        1,
        1,
        null,
        null,
        1,
        1,
        1,
        null,
        null,
        1,
        1,
        null,
        null,
        1,
        5,
        5,
        5,
        null,
        null,
        1,
        5,
        5,
        null,
        null,
        1,
        2,
        2,
        null,
        null,
        1,
        1,
        9,
        null,
        null,
        null,
        null,
        null,
        null,
        1,
        10,
        null,
        null,
        null,
        null,
        null
      ],
      "/Users/rosanne/Development/code/gather/gather_art_registry/app/controllers/media_controller.rb": [
        1,
        1,
        null,
        1,
        null,
        1,
        2,
        2,
        null,
        null,
        1,
        1,
        null,
        null,
        1,
        1,
        1,
        null,
        null,
        1,
        null,
        null,
        1,
        5,
        5,
        5,
        null,
        null,
        1,
        5,
        5,
        null,
        null,
        1,
        2,
        2,
        null,
        null,
        1,
        1,
        9,
        null,
        null,
        1,
        10,
        null,
        null
      ],
      "/Users/rosanne/Development/code/gather/gather_art_registry/app/controllers/pages_controller.rb": [
        1,
        1,
        1,
        1,
        1,
        null,
        null,
        1,
        1,
        null,
        null,
        1,
        null,
        null,
        1,
        null,
        null,
        1,
        null,
        null,
        1,
        null,
        null,
        1,
        null,
        null,
        1,
        0,
        null,
        null,
        1,
        0,
        null,
        null,
        null
      ],
      "/Users/rosanne/Development/code/gather/gather_art_registry/app/controllers/registries_controller.rb": [
        1,
        1,
        1,
        null,
        1,
        null,
        1,
        1,
        1,
        null,
        null,
        1,
        1,
        1,
        null,
        null,
        1,
        1,
        1,
        null,
        null,
        1,
        1,
        1,
        null,
        null,
        1,
        null,
        null,
        1,
        5,
        null,
        5,
        null,
        null,
        1,
        5,
        5,
        null,
        null,
        1,
        2,
        2,
        null,
        null,
        1,
        0,
        0,
        0,
        0,
        null,
        null,
        1,
        0,
        0,
        0,
        0,
        0,
        null,
        null,
        1,
        1,
        9,
        null,
        null,
        1,
        16,
        null,
        null,
        1,
        10,
        null,
        null,
        null
      ],
      "/Users/rosanne/Development/code/gather/gather_art_registry/app/controllers/users_controller.rb": [
        1,
        1,
        null,
        null,
        1,
        null,
        1,
        2,
        2,
        null,
        null,
        1,
        1,
        1,
        null,
        null,
        1,
        1,
        1,
        null,
        null,
        1,
        null,
        null,
        1,
        5,
        5,
        5,
        null,
        null,
        1,
        5,
        5,
        null,
        null,
        1,
        2,
        2,
        null,
        null,
        1,
        1,
        9,
        null,
        null,
        1,
        10,
        null,
        null
      ],
      "/Users/rosanne/Development/code/gather/gather_art_registry/app/models/artist.rb": [
        1,
        1,
        1,
        null,
        1,
        1,
        null,
        1,
        null,
        1,
        null,
        1,
        0,
        null,
        null
      ],
      "/Users/rosanne/Development/code/gather/gather_art_registry/app/uploaders/image_uploader.rb": [
        1,
        null,
        null,
        1,
        null,
        1,
        1,
        null,
        null,
        null,
        1,
        0,
        null,
        1,
        null,
        null,
        null,
        null,
        1,
        0,
        null,
        null,
        1,
        1,
        null,
        null,
        1,
        1,
        null,
        null,
        1,
        1,
        null,
        null,
        null,
        null,
        null,
        null,
        null,
        null,
        null,
        null,
        null,
        null,
        null,
        null,
        null,
        null,
        null,
        null,
        null,
        null,
        null,
        null,
        null,
        null,
        null,
        null,
        null,
        null,
        1,
        0,
        null,
        null,
        null,
        null,
        null,
        null,
        null,
        null,
        null
      ],
      "/Users/rosanne/Development/code/gather/gather_art_registry/app/models/category.rb": [
        1,
        1,
        1,
        null
      ],
      "/Users/rosanne/Development/code/gather/gather_art_registry/app/models/content.rb": [
        1,
        1,
        null
      ],
      "/Users/rosanne/Development/code/gather/gather_art_registry/app/models/delivery_timing.rb": [
        1,
        1,
        null
      ],
      "/Users/rosanne/Development/code/gather/gather_art_registry/app/models/gallery.rb": [
        1,
        1,
        null,
        1,
        1,
        null,
        1,
        null
      ],
      "/Users/rosanne/Development/code/gather/gather_art_registry/app/models/item_availability.rb": [
        1,
        1,
        null
      ],
      "/Users/rosanne/Development/code/gather/gather_art_registry/app/models/item.rb": [
        1,
        1,
        1,
        1,
        1,
        1,
        null,
        1,
        1,
        null,
        null,
        1,
        1,
        null,
        null,
        1,
        1,
        null,
        1,
        1,
        null,
        1,
        1,
        1,
        1,
        null,
        1,
        1,
        null
      ],
      "/Users/rosanne/Development/code/gather/gather_art_registry/app/models/medium.rb": [
        1,
        1,
        1,
        null,
        1,
        1,
        null,
        1,
        1,
        null,
        1,
        null,
        null
      ],
      "/Users/rosanne/Development/code/gather/gather_art_registry/app/models/production_category.rb": [
        1,
        1,
        null
      ],
      "/Users/rosanne/Development/code/gather/gather_art_registry/app/models/registry.rb": [
        1,
        1,
        null,
        1,
        1,
        null,
        1,
        null,
        1,
        1,
        null,
        1,
        0,
        null,
        null,
        null
      ],
      "/Users/rosanne/Development/code/gather/gather_art_registry/app/models/shipping_instruction.rb": [
        1,
        1,
        null
      ],
      "/Users/rosanne/Development/code/gather/gather_art_registry/app/models/type_of_product.rb": [
        1,
        1,
        null
      ],
      "/Users/rosanne/Development/code/gather/gather_art_registry/app/models/item_category.rb": [
        1,
        1,
        1,
        null
      ],
      "/Users/rosanne/Development/code/gather/gather_art_registry/app/models/registry_item.rb": [
        1,
        1,
        1,
        null
      ]
    },
    "timestamp": 1426953262
  }
}
